Building DAG of jobs...
Using shell: /usr/bin/bash
Provided cluster nodes: 96
Job stats:
job             count    min threads    max threads
------------  -------  -------------  -------------
all                 1              1              1
combine_data        1              1              1
get_stats           3              1              1
ld_prune            2              1              1
pca                 2              1              1
variant_qc          2              1              1
total              11              1              1

Select jobs to execute...

[Thu Sep 21 13:22:32 2023]
rule get_stats:
    input: data/chr21.vcf.gz
    output: results/chr21_stats.txt
    jobid: 9
    reason: Missing output files: results/chr21_stats.txt
    wildcards: c=21
    resources: mem_mb=1000, disk_mb=1000, tmpdir=/tmp

Submitted job 9 with external jobid 'Submitted batch job 60244745'.

[Thu Sep 21 13:22:32 2023]
rule get_stats:
    input: data/chr22.vcf.gz
    output: results/chr22_stats.txt
    jobid: 10
    reason: Missing output files: results/chr22_stats.txt
    wildcards: c=22
    resources: mem_mb=1000, disk_mb=1000, tmpdir=/tmp

Submitted job 10 with external jobid 'Submitted batch job 60244746'.

[Thu Sep 21 13:22:32 2023]
rule combine_data:
    input: data/chr20.vcf.gz, data/chr21.vcf.gz, data/chr22.vcf.gz
    output: data/all.vcf.gz
    jobid: 3
    reason: Missing output files: data/all.vcf.gz
    resources: mem_mb=1000, disk_mb=1000, tmpdir=/tmp

Submitted job 3 with external jobid 'Submitted batch job 60244747'.

[Thu Sep 21 13:22:32 2023]
rule get_stats:
    input: data/chr20.vcf.gz
    output: results/chr20_stats.txt
    jobid: 8
    reason: Missing output files: results/chr20_stats.txt
    wildcards: c=20
    resources: mem_mb=1000, disk_mb=1000, tmpdir=/tmp

Submitted job 8 with external jobid 'Submitted batch job 60244748'.
Waiting at most 60 seconds for missing files.
[Thu Sep 21 13:24:02 2023]
Finished job 9.
1 of 11 steps (9%) done
[Thu Sep 21 13:24:02 2023]
Finished job 10.
2 of 11 steps (18%) done
[Thu Sep 21 13:24:02 2023]
Finished job 3.
3 of 11 steps (27%) done
Select jobs to execute...

[Thu Sep 21 13:24:02 2023]
rule variant_qc:
    input: data/all.vcf.gz
    output: data/all_varqc.maf_0.01.pgen, data/all_varqc.maf_0.01.psam, data/all_varqc.maf_0.01.pvar, data/all_varqc.maf_0.01.log
    jobid: 2
    reason: Missing output files: data/all_varqc.maf_0.01.psam, data/all_varqc.maf_0.01.pgen, data/all_varqc.maf_0.01.pvar; Input files updated by another job: data/all.vcf.gz
    wildcards: maf=0.01
    resources: mem_mb=1000, disk_mb=1000, tmpdir=/tmp

Submitted job 2 with external jobid 'Submitted batch job 60245137'.

[Thu Sep 21 13:24:02 2023]
rule variant_qc:
    input: data/all.vcf.gz
    output: data/all_varqc.maf_0.05.pgen, data/all_varqc.maf_0.05.psam, data/all_varqc.maf_0.05.pvar, data/all_varqc.maf_0.05.log
    jobid: 6
    reason: Missing output files: data/all_varqc.maf_0.05.psam, data/all_varqc.maf_0.05.pvar, data/all_varqc.maf_0.05.pgen; Input files updated by another job: data/all.vcf.gz
    wildcards: maf=0.05
    resources: mem_mb=1000, disk_mb=1000, tmpdir=/tmp

Submitted job 6 with external jobid 'Submitted batch job 60245138'.
[Thu Sep 21 13:24:02 2023]
Finished job 8.
4 of 11 steps (36%) done
[Thu Sep 21 13:24:12 2023]
Error in rule variant_qc:
    jobid: 2
    output: data/all_varqc.maf_0.01.pgen, data/all_varqc.maf_0.01.psam, data/all_varqc.maf_0.01.pvar, data/all_varqc.maf_0.01.log
    shell:
        
           plink2 --vcf data/all.vcf.gz --set-missing-var-ids '@:#' --snps-only                  --var-min-qual 95                  --geno 0.1                  --maf 0.01                  --make-pgen                  --out data/all_varqc.maf_0.01
          
        (one of the commands exited with non-zero exit code; note that snakemake uses bash strict mode!)
    cluster_jobid: Submitted batch job 60245137

Error executing rule variant_qc on cluster (jobid: 2, external: Submitted batch job 60245137, jobscript: /nfs/turbo/sph-jvmorr/snakemake_tutorial/.snakemake/tmp.ce7hhoax/snakejob.variant_qc.2.sh). For error details see the cluster log and the log files of the involved rule(s).
[Thu Sep 21 13:24:12 2023]
Error in rule variant_qc:
    jobid: 6
    output: data/all_varqc.maf_0.05.pgen, data/all_varqc.maf_0.05.psam, data/all_varqc.maf_0.05.pvar, data/all_varqc.maf_0.05.log
    shell:
        
           plink2 --vcf data/all.vcf.gz --set-missing-var-ids '@:#' --snps-only                  --var-min-qual 95                  --geno 0.1                  --maf 0.05                  --make-pgen                  --out data/all_varqc.maf_0.05
          
        (one of the commands exited with non-zero exit code; note that snakemake uses bash strict mode!)
    cluster_jobid: Submitted batch job 60245138

Error executing rule variant_qc on cluster (jobid: 6, external: Submitted batch job 60245138, jobscript: /nfs/turbo/sph-jvmorr/snakemake_tutorial/.snakemake/tmp.ce7hhoax/snakejob.variant_qc.6.sh). For error details see the cluster log and the log files of the involved rule(s).
Exiting because a job execution failed. Look above for error message
Complete log: .snakemake/log/2023-09-21T132231.497506.snakemake.log
Building DAG of jobs...
Using shell: /usr/bin/bash
Provided cluster nodes: 96
Job stats:
job           count    min threads    max threads
----------  -------  -------------  -------------
all               1              1              1
ld_prune          2              1              1
pca               2              1              1
variant_qc        2              1              1
total             7              1              1

Select jobs to execute...

[Thu Sep 21 13:27:18 2023]
rule variant_qc:
    input: data/all.vcf.gz
    output: data/all_varqc.maf_0.01.pgen, data/all_varqc.maf_0.01.psam, data/all_varqc.maf_0.01.pvar, data/all_varqc.maf_0.01.log
    jobid: 2
    reason: Missing output files: data/all_varqc.maf_0.01.pgen, data/all_varqc.maf_0.01.pvar, data/all_varqc.maf_0.01.psam
    wildcards: maf=0.01
    resources: mem_mb=1000, disk_mb=1000, tmpdir=/tmp

Submitted job 2 with external jobid 'Submitted batch job 60246327'.

[Thu Sep 21 13:27:19 2023]
rule variant_qc:
    input: data/all.vcf.gz
    output: data/all_varqc.maf_0.05.pgen, data/all_varqc.maf_0.05.psam, data/all_varqc.maf_0.05.pvar, data/all_varqc.maf_0.05.log
    jobid: 6
    reason: Missing output files: data/all_varqc.maf_0.05.psam, data/all_varqc.maf_0.05.pgen, data/all_varqc.maf_0.05.pvar
    wildcards: maf=0.05
    resources: mem_mb=1000, disk_mb=1000, tmpdir=/tmp

Submitted job 6 with external jobid 'Submitted batch job 60246328'.
Waiting at most 60 seconds for missing files.
[Thu Sep 21 13:28:01 2023]
Finished job 6.
1 of 7 steps (14%) done
Select jobs to execute...

[Thu Sep 21 13:28:01 2023]
rule ld_prune:
    input: data/all_varqc.maf_0.05.pgen, data/all_varqc.maf_0.05.psam, data/all_varqc.maf_0.05.pvar
    output: data/all_varqc.maf_0.05.prune.in
    jobid: 7
    reason: Missing output files: data/all_varqc.maf_0.05.prune.in; Input files updated by another job: data/all_varqc.maf_0.05.psam, data/all_varqc.maf_0.05.pgen, data/all_varqc.maf_0.05.pvar
    wildcards: prefix=all_varqc.maf_0.05
    resources: mem_mb=1000, disk_mb=1000, tmpdir=/tmp

Submitted job 7 with external jobid 'Submitted batch job 60246581'.
[Thu Sep 21 13:28:08 2023]
Finished job 2.
2 of 7 steps (29%) done
Select jobs to execute...

[Thu Sep 21 13:28:08 2023]
rule ld_prune:
    input: data/all_varqc.maf_0.01.pgen, data/all_varqc.maf_0.01.psam, data/all_varqc.maf_0.01.pvar
    output: data/all_varqc.maf_0.01.prune.in
    jobid: 4
    reason: Missing output files: data/all_varqc.maf_0.01.prune.in; Input files updated by another job: data/all_varqc.maf_0.01.pgen, data/all_varqc.maf_0.01.pvar, data/all_varqc.maf_0.01.psam
    wildcards: prefix=all_varqc.maf_0.01
    resources: mem_mb=1000, disk_mb=1000, tmpdir=/tmp

Submitted job 4 with external jobid 'Submitted batch job 60246582'.
[Thu Sep 21 13:28:48 2023]
Finished job 7.
3 of 7 steps (43%) done
Select jobs to execute...

[Thu Sep 21 13:28:48 2023]
rule pca:
    input: data/all_varqc.maf_0.05.pgen, data/all_varqc.maf_0.05.psam, data/all_varqc.maf_0.05.pvar, data/all_varqc.maf_0.05.prune.in
    output: results/all_varqc.maf_0.05.eigenvec
    jobid: 5
    reason: Missing output files: results/all_varqc.maf_0.05.eigenvec; Input files updated by another job: data/all_varqc.maf_0.05.psam, data/all_varqc.maf_0.05.pgen, data/all_varqc.maf_0.05.prune.in, data/all_varqc.maf_0.05.pvar
    wildcards: prefix=all_varqc.maf_0.05
    resources: mem_mb=1000, disk_mb=1000, tmpdir=/tmp

Submitted job 5 with external jobid 'Submitted batch job 60246926'.
[Thu Sep 21 13:28:48 2023]
Finished job 4.
4 of 7 steps (57%) done
Select jobs to execute...

[Thu Sep 21 13:28:48 2023]
rule pca:
    input: data/all_varqc.maf_0.01.pgen, data/all_varqc.maf_0.01.psam, data/all_varqc.maf_0.01.pvar, data/all_varqc.maf_0.01.prune.in
    output: results/all_varqc.maf_0.01.eigenvec
    jobid: 1
    reason: Missing output files: results/all_varqc.maf_0.01.eigenvec; Input files updated by another job: data/all_varqc.maf_0.01.pgen, data/all_varqc.maf_0.01.pvar, data/all_varqc.maf_0.01.psam, data/all_varqc.maf_0.01.prune.in
    wildcards: prefix=all_varqc.maf_0.01
    resources: mem_mb=1000, disk_mb=1000, tmpdir=/tmp

Submitted job 1 with external jobid 'Submitted batch job 60246927'.
Waiting at most 60 seconds for missing files.
[Thu Sep 21 13:29:46 2023]
Finished job 5.
5 of 7 steps (71%) done
[Thu Sep 21 13:29:46 2023]
Finished job 1.
6 of 7 steps (86%) done
Select jobs to execute...

[Thu Sep 21 13:29:46 2023]
localrule all:
    input: results/all_varqc.maf_0.01.eigenvec, results/all_varqc.maf_0.05.eigenvec, results/chr20_stats.txt, results/chr21_stats.txt, results/chr22_stats.txt
    jobid: 0
    reason: Input files updated by another job: results/all_varqc.maf_0.05.eigenvec, results/all_varqc.maf_0.01.eigenvec
    resources: mem_mb=1000, disk_mb=1000, tmpdir=/tmp

[Thu Sep 21 13:29:46 2023]
Finished job 0.
7 of 7 steps (100%) done
Complete log: .snakemake/log/2023-09-21T132717.664326.snakemake.log
